2026-05-02 19:48:36,503 - INFO - Dťbut de l'ingestion batch
2026-05-02 19:48:36,504 - INFO - Donnťes chargťes depuis data/silver/cleaned_articles.json
2026-05-02 19:48:40,615 - ERROR - Erreur de connexion ŗ PostgreSQL : connection to server at "localhost" (::1), port 5432 failed: Connection refused (0x0000274D/10061)
	Is the server running on that host and accepting TCP/IP connections?
connection to server at "localhost" (127.0.0.1), port 5432 failed: Connection refused (0x0000274D/10061)
	Is the server running on that host and accepting TCP/IP connections?

2026-05-02 19:48:40,616 - ERROR - Erreur lors de l'ingestion batch : connection to server at "localhost" (::1), port 5432 failed: Connection refused (0x0000274D/10061)
	Is the server running on that host and accepting TCP/IP connections?
connection to server at "localhost" (127.0.0.1), port 5432 failed: Connection refused (0x0000274D/10061)
	Is the server running on that host and accepting TCP/IP connections?

2026-05-02 19:49:21,137 - INFO - Dťbut de l'ingestion batch
2026-05-02 19:49:21,138 - INFO - Donnťes chargťes depuis data/silver/cleaned_articles.json
2026-05-02 19:49:21,142 - INFO - Connexion SQLite ťtablie : C:\Users\quama\Desktop\architecture des donnťes\news-data-platform\config\..\data\news_data_platform.db
2026-05-02 19:49:21,159 - INFO - Tables crťťes ou dťjŗ existantes
2026-05-02 19:49:21,172 - INFO - Insťrť 3 articles dans la base de donnťes
2026-05-02 19:49:21,173 - INFO - Connexion fermťe
2026-05-02 19:49:21,173 - INFO - Donnťes chargťes depuis data/gold/analysis.json
2026-05-02 19:49:21,174 - INFO - Connexion SQLite ťtablie : C:\Users\quama\Desktop\architecture des donnťes\news-data-platform\config\..\data\news_data_platform.db
2026-05-02 19:49:21,175 - INFO - Connexion fermťe
2026-05-02 19:49:21,175 - ERROR - Erreur lors de l'ingestion batch : 'frequency'
2026-05-02 19:49:36,872 - INFO - Dťbut de l'ingestion batch
2026-05-02 19:49:36,872 - INFO - Donnťes chargťes depuis data/silver/cleaned_articles.json
2026-05-02 19:49:36,874 - INFO - Connexion SQLite ťtablie : C:\Users\quama\Desktop\architecture des donnťes\news-data-platform\config\..\data\news_data_platform.db
2026-05-02 19:49:36,875 - INFO - Tables crťťes ou dťjŗ existantes
2026-05-02 19:49:36,888 - INFO - Insťrť 0 articles dans la base de donnťes
2026-05-02 19:49:36,888 - INFO - Connexion fermťe
2026-05-02 19:49:36,888 - INFO - Donnťes chargťes depuis data/gold/analysis.json
2026-05-02 19:49:36,889 - INFO - Connexion SQLite ťtablie : C:\Users\quama\Desktop\architecture des donnťes\news-data-platform\config\..\data\news_data_platform.db
2026-05-02 19:49:36,958 - INFO - Donnťes Gold insťrťes dans la base de donnťes
2026-05-02 19:49:36,958 - INFO - Connexion fermťe
2026-05-02 19:49:36,959 - INFO - Ingestion batch terminťe avec succŤs
2026-05-02 19:49:40,574 - INFO - Connexion SQLite ťtablie : C:\Users\quama\Desktop\architecture des donnťes\news-data-platform\config\..\data\news_data_platform.db
2026-05-02 19:49:40,576 - INFO - Connexion fermťe
2026-05-02 19:49:52,604 - INFO - Demarrage du pipeline de donnees news-data-platform
2026-05-02 19:49:52,605 - INFO - Etape 1: Scraping des articles...
2026-05-02 19:49:57,306 - INFO - Scraping termine
2026-05-02 19:49:57,306 - INFO - Etape 2: Nettoyage des donnees...
2026-05-02 19:49:57,315 - ERROR - Erreur dans le pipeline : cannot import name 'main' from 'processing.clean_data' (C:\Users\quama\Desktop\architecture des donnťes\news-data-platform\processing\clean_data.py)
2026-05-02 19:50:13,574 - INFO - Demarrage du pipeline de donnees news-data-platform
2026-05-02 19:50:13,574 - INFO - Etape 1: Scraping des articles...
2026-05-02 19:50:13,574 - ERROR - Erreur dans le pipeline : name 'subprocess' is not defined
2026-05-02 19:50:17,707 - INFO - Demarrage du pipeline de donnees news-data-platform
2026-05-02 19:50:17,707 - INFO - Etape 1: Scraping des articles...
2026-05-02 19:50:22,365 - INFO - Scraping termine
2026-05-02 19:50:22,366 - INFO - Etape 2: Nettoyage des donnees...
2026-05-02 19:50:22,479 - INFO - Nettoyage termine
2026-05-02 19:50:22,479 - INFO - Etape 3: Analyse et transformation...
2026-05-02 19:50:22,584 - INFO - Analyse terminee
2026-05-02 19:50:22,584 - INFO - Etape 4: Ingestion dans la base de donnees...
2026-05-02 19:50:22,620 - INFO - Dťbut de l'ingestion batch
2026-05-02 19:50:22,621 - INFO - Donnťes chargťes depuis data/silver/cleaned_articles.json
2026-05-02 19:50:22,622 - INFO - Connexion SQLite ťtablie : C:\Users\quama\Desktop\architecture des donnťes\news-data-platform\config\..\data\news_data_platform.db
2026-05-02 19:50:22,623 - INFO - Tables crťťes ou dťjŗ existantes
2026-05-02 19:50:23,078 - INFO - Insťrť 0 articles dans la base de donnťes
2026-05-02 19:50:23,079 - INFO - Connexion fermťe
2026-05-02 19:50:23,081 - INFO - Donnťes chargťes depuis data/gold/analysis.json
2026-05-02 19:50:23,083 - INFO - Connexion SQLite ťtablie : C:\Users\quama\Desktop\architecture des donnťes\news-data-platform\config\..\data\news_data_platform.db
2026-05-02 19:50:23,192 - INFO - Donnťes Gold insťrťes dans la base de donnťes
2026-05-02 19:50:23,193 - INFO - Connexion fermťe
2026-05-02 19:50:23,193 - INFO - Ingestion batch terminťe avec succŤs
2026-05-02 19:50:23,193 - INFO - Ingestion terminee
2026-05-02 19:50:23,194 - INFO - Pipeline termine avec succes en 0:00:05.486800
2026-05-02 19:50:26,089 - INFO - Connexion SQLite ťtablie : C:\Users\quama\Desktop\architecture des donnťes\news-data-platform\config\..\data\news_data_platform.db
2026-05-02 19:50:26,090 - INFO - Connexion fermťe
2026-05-02 19:53:48,058 - INFO - Demarrage du pipeline de donnees news-data-platform
2026-05-02 19:53:48,059 - INFO - Etape 1: Scraping des articles...
2026-05-02 19:53:53,067 - INFO - Scraping termine
2026-05-02 19:53:53,067 - INFO - Etape 2: Nettoyage des donnees...
2026-05-02 19:53:53,190 - INFO - Nettoyage termine
2026-05-02 19:53:53,191 - INFO - Etape 3: Analyse et transformation...
2026-05-02 19:53:53,294 - INFO - Analyse terminee
2026-05-02 19:53:53,294 - INFO - Etape 4: Ingestion dans la base de donnees...
2026-05-02 19:53:53,330 - INFO - Dťbut de l'ingestion batch
2026-05-02 19:53:53,330 - INFO - Donnťes chargťes depuis data/silver/cleaned_articles.json
2026-05-02 19:53:53,331 - INFO - Connexion SQLite ťtablie : C:\Users\quama\Desktop\architecture des donnťes\news-data-platform\config\..\data\news_data_platform.db
2026-05-02 19:53:53,332 - INFO - Tables crťťes ou dťjŗ existantes
2026-05-02 19:53:53,343 - INFO - Insťrť 0 articles dans la base de donnťes
2026-05-02 19:53:53,343 - INFO - Connexion fermťe
2026-05-02 19:53:53,344 - INFO - Donnťes chargťes depuis data/gold/analysis.json
2026-05-02 19:53:53,344 - INFO - Connexion SQLite ťtablie : C:\Users\quama\Desktop\architecture des donnťes\news-data-platform\config\..\data\news_data_platform.db
2026-05-02 19:53:53,453 - INFO - Donnťes Gold insťrťes dans la base de donnťes
2026-05-02 19:53:53,454 - INFO - Connexion fermťe
2026-05-02 19:53:53,454 - INFO - Ingestion batch terminťe avec succŤs
2026-05-02 19:53:53,454 - INFO - Ingestion terminee
2026-05-02 19:53:53,455 - INFO - Pipeline termine avec succes en 0:00:05.396416
2026-05-02 20:03:26,723 - INFO - Connexion SQLite ťtablie : C:\Users\quama\Desktop\architecture des donnťes\news-data-platform\config\..\data\news_data_platform.db
2026-05-02 20:03:26,723 - INFO - Tables crťťes ou dťjŗ existantes
2026-05-02 20:04:05,302 - INFO - Connexion SQLite ťtablie : C:\Users\quama\Desktop\architecture des donnťes\news-data-platform\config\..\data\news_data_platform.db
2026-05-02 20:04:05,302 - INFO - Tables crťťes ou dťjŗ existantes
2026-05-02 20:04:05,303 - INFO - Connexion fermťe
2026-05-02 20:05:31,743 - INFO - Initialisation de la base de donnees...
2026-05-02 20:05:31,778 - INFO - Connexion SQLite ťtablie : C:\Users\quama\Desktop\architecture des donnťes\news-data-platform\config\..\data\news_data_platform.db
2026-05-02 20:05:31,779 - INFO - Tables crťťes ou dťjŗ existantes
2026-05-02 20:05:31,779 - INFO - Connexion fermťe
2026-05-02 20:05:31,780 - INFO - Base de donnees initialisee
2026-05-02 20:08:17,266 - INFO - Demarrage du pipeline de donnees news-data-platform
2026-05-02 20:08:17,266 - INFO - Etape 1: Scraping des articles...
2026-05-02 20:08:29,084 - INFO - Scraping termine
2026-05-02 20:08:29,084 - INFO - Etape 2: Nettoyage des donnees...
2026-05-02 20:08:29,182 - INFO - Nettoyage termine
2026-05-02 20:08:29,330 - INFO - Connexion SQLite ťtablie : C:\Users\quama\Desktop\architecture des donnťes\news-data-platform\config\..\data\news_data_platform.db
2026-05-02 20:16:07,425 - INFO - Demarrage du pipeline de donnees news-data-platform
2026-05-02 20:16:07,425 - INFO - Etape 1: Scraping des articles...
2026-05-02 20:16:19,482 - INFO - Scraping termine
2026-05-02 20:16:19,482 - INFO - Etape 2: Nettoyage des donnees...
2026-05-02 20:16:19,581 - INFO - Nettoyage termine
2026-05-02 20:16:19,581 - INFO - Etape 3: Analyse et transformation...
2026-05-02 20:16:19,674 - INFO - Analyse terminee
2026-05-02 20:16:19,675 - INFO - Etape 4: Ingestion dans la base de donnees...
2026-05-02 20:16:19,713 - INFO - Connexion SQLite ťtablie : C:\Users\quama\Desktop\architecture des donnťes\news-data-platform\config\..\data\news_data_platform.db
2026-05-02 20:16:19,714 - ERROR - Erreur dans le pipeline : 'DatabaseConnection' object has no attribute 'ingest_gold_data'
2026-05-02 20:17:08,115 - INFO - Demarrage du pipeline de donnees news-data-platform
2026-05-02 20:17:08,115 - INFO - Etape 1: Scraping des articles...
2026-05-02 20:17:20,743 - INFO - Scraping termine
2026-05-02 20:17:20,743 - INFO - Etape 2: Nettoyage des donnees...
2026-05-02 20:17:20,852 - INFO - Nettoyage termine
2026-05-02 20:17:20,852 - INFO - Etape 3: Analyse et transformation...
2026-05-02 20:17:20,949 - INFO - Analyse terminee
2026-05-02 20:17:20,949 - INFO - Etape 4: Ingestion dans la base de donnees...
2026-05-02 20:17:20,986 - INFO - Connexion SQLite ťtablie : C:\Users\quama\Desktop\architecture des donnťes\news-data-platform\config\..\data\news_data_platform.db
2026-05-02 20:17:20,994 - INFO - Tables crťťes ou dťjŗ existantes
2026-05-02 20:17:20,995 - ERROR - Erreur dans le pipeline : name 'json' is not defined
2026-05-02 20:17:44,655 - INFO - Demarrage du pipeline de donnees news-data-platform
2026-05-02 20:17:44,656 - INFO - Etape 1: Scraping des articles...
2026-05-02 20:17:56,673 - INFO - Scraping termine
2026-05-02 20:17:56,674 - INFO - Etape 2: Nettoyage des donnees...
2026-05-02 20:17:56,769 - INFO - Nettoyage termine
2026-05-02 20:17:56,770 - INFO - Etape 3: Analyse et transformation...
2026-05-02 20:17:56,870 - INFO - Analyse terminee
2026-05-02 20:17:56,870 - INFO - Etape 4: Ingestion dans la base de donnees...
2026-05-02 20:17:56,906 - INFO - Connexion SQLite ťtablie : C:\Users\quama\Desktop\architecture des donnťes\news-data-platform\config\..\data\news_data_platform.db
2026-05-02 20:17:56,907 - INFO - Tables crťťes ou dťjŗ existantes
2026-05-02 20:17:56,928 - INFO - 5 articles insťrťs en base
2026-05-02 20:17:56,995 - INFO - 20 mots frťquents insťrťs en base
2026-05-02 20:17:56,996 - INFO - Connexion fermťe
2026-05-02 20:17:56,996 - INFO - Ingestion terminee
2026-05-02 20:17:56,996 - INFO - Pipeline termine avec succes en 0:00:12.340760
2026-05-02 20:18:14,044 - INFO - Connexion SQLite ťtablie : C:\Users\quama\Desktop\architecture des donnťes\news-data-platform\config\..\data\news_data_platform.db
2026-05-02 20:18:14,045 - INFO - Connexion fermťe
2026-05-02 20:22:31,940 - INFO - Demarrage du pipeline de donnees news-data-platform
2026-05-02 20:22:31,941 - INFO - Etape 1: Scraping des articles...
2026-05-03 21:52:04,566 - INFO - Demarrage du pipeline de donnees news-data-platform
2026-05-03 21:52:04,567 - INFO - Etape 1: Scraping des articles...
2026-05-03 21:52:04,760 - ERROR - Erreur dans le pipeline : Erreur scraping: Traceback (most recent call last):
  File "C:\Users\quama\Desktop\architecture des donnťes\news-data-platform\scraping\hespress_scraper_v2.py", line 8, in <module>
    import requests
ModuleNotFoundError: No module named 'requests'

2026-05-03 21:52:17,596 - INFO - Demarrage du pipeline de donnees news-data-platform
2026-05-03 21:52:17,597 - INFO - Etape 1: Scraping des articles...
2026-05-03 21:52:17,735 - ERROR - Erreur dans le pipeline : Erreur scraping: Traceback (most recent call last):
  File "C:\Users\quama\Desktop\architecture des donnťes\news-data-platform\scraping\hespress_scraper_v2.py", line 8, in <module>
    import requests
ModuleNotFoundError: No module named 'requests'

2026-05-03 21:54:25,689 - INFO - Demarrage du pipeline de donnees news-data-platform
2026-05-03 21:54:25,689 - INFO - Etape 1: Scraping des articles...
2026-05-03 21:54:27,883 - ERROR - Erreur dans le pipeline : Erreur scraping: Traceback (most recent call last):
  File "C:\Users\quama\Desktop\architecture des donnťes\news-data-platform\scraping\hespress_scraper_v2.py", line 9, in <module>
    from bs4 import BeautifulSoup
ModuleNotFoundError: No module named 'bs4'

2026-05-03 21:54:30,973 - INFO - Demarrage du pipeline de donnees news-data-platform
2026-05-03 21:54:30,973 - INFO - Etape 1: Scraping des articles...
2026-05-03 21:54:31,509 - ERROR - Erreur dans le pipeline : Erreur scraping: Traceback (most recent call last):
  File "C:\Users\quama\Desktop\architecture des donnťes\news-data-platform\scraping\hespress_scraper_v2.py", line 9, in <module>
    from bs4 import BeautifulSoup
ModuleNotFoundError: No module named 'bs4'

2026-05-03 21:55:09,704 - INFO - Demarrage du pipeline de donnees news-data-platform
2026-05-03 21:55:09,704 - INFO - Etape 1: Scraping des articles...
2026-05-03 21:55:13,857 - INFO - Scraping termine
2026-05-03 21:55:13,857 - INFO - Etape 2: Nettoyage des donnees...
2026-05-03 21:55:14,082 - INFO - Nettoyage termine
2026-05-03 21:55:14,083 - INFO - Etape 3: Analyse et transformation...
2026-05-03 21:55:14,316 - INFO - Analyse terminee
2026-05-03 21:55:14,316 - INFO - Etape 4: Ingestion dans la base de donnees...
2026-05-03 21:55:14,400 - ERROR - Erreur dans le pipeline : No module named 'psycopg2'
2026-05-03 21:57:46,072 - INFO - Demarrage du pipeline de donnees news-data-platform
2026-05-03 21:57:46,072 - INFO - Etape 1: Scraping des articles...
2026-05-03 21:57:47,057 - INFO - Scraping termine
2026-05-03 21:57:47,057 - INFO - Etape 2: Nettoyage des donnees...
2026-05-03 21:57:47,178 - INFO - Nettoyage termine
2026-05-03 21:57:47,179 - INFO - Etape 3: Analyse et transformation...
2026-05-03 21:57:47,304 - INFO - Analyse terminee
2026-05-03 21:57:47,304 - INFO - Etape 4: Ingestion dans la base de donnees...
2026-05-03 21:57:47,389 - INFO - Connexion SQLite ťtablie : C:\Users\quama\Desktop\architecture des donnťes\news-data-platform\config\..\data\news_data_platform.db
2026-05-03 21:57:47,392 - INFO - Tables crťťes ou dťjŗ existantes
2026-05-03 21:57:47,414 - INFO - 5 articles insťrťs en base
2026-05-03 21:57:47,487 - INFO - 20 mots frťquents insťrťs en base
2026-05-03 21:57:47,487 - INFO - Connexion fermťe
2026-05-03 21:57:47,487 - INFO - Ingestion terminee
2026-05-03 21:57:47,487 - INFO - Pipeline termine avec succes en 0:00:01.415336
2026-05-03 22:05:10,041 - INFO - Demarrage du pipeline de donnees news-data-platform
2026-05-03 22:05:10,041 - INFO - Etape 1: Scraping des articles...
2026-05-03 22:05:11,423 - INFO - Scraping termine
2026-05-03 22:05:11,424 - INFO - Etape 2: Nettoyage des donnees...
2026-05-03 22:05:11,578 - INFO - Nettoyage termine
2026-05-03 22:05:11,579 - INFO - Etape 3: Analyse et transformation...
2026-05-03 22:05:11,753 - INFO - Analyse terminee
2026-05-03 22:05:11,754 - INFO - Etape 4: Ingestion dans la base de donnees...
2026-05-03 22:05:11,820 - INFO - Connexion SQLite ťtablie : C:\Users\quama\Desktop\architecture des donnťes\news-data-platform\config\..\data\news_data_platform.db
2026-05-03 22:05:11,823 - INFO - Tables crťťes ou dťjŗ existantes
2026-05-03 22:05:11,846 - INFO - 5 articles insťrťs en base
2026-05-03 22:05:11,917 - INFO - 20 mots frťquents insťrťs en base
2026-05-03 22:05:11,917 - INFO - Connexion fermťe
2026-05-03 22:05:11,917 - INFO - Ingestion terminee
2026-05-03 22:05:11,917 - INFO - Pipeline termine avec succes en 0:00:01.876953
2026-05-03 22:17:08,171 - INFO - Demarrage du pipeline de donnees news-data-platform
2026-05-03 22:17:08,172 - INFO - Etape 1: Scraping des articles...
2026-05-03 22:17:09,415 - INFO - Scraping termine
2026-05-03 22:17:09,415 - INFO - Etape 2: Nettoyage des donnees...
2026-05-03 22:17:09,532 - INFO - Nettoyage termine
2026-05-03 22:17:09,532 - INFO - Etape 3: Analyse et transformation...
2026-05-03 22:17:09,647 - INFO - Analyse terminee
2026-05-03 22:17:09,647 - INFO - Etape 4: Ingestion dans la base de donnees...
2026-05-03 22:17:09,700 - INFO - Connexion SQLite ťtablie : C:\Users\quama\Desktop\architecture des donnťes\news-data-platform\config\..\data\news_data_platform.db
2026-05-03 22:17:09,701 - INFO - Tables crťťes ou dťjŗ existantes
2026-05-03 22:17:09,725 - INFO - 5 articles insťrťs en base
2026-05-03 22:17:09,802 - INFO - 20 mots frťquents insťrťs en base
2026-05-03 22:17:09,802 - INFO - Connexion fermťe
2026-05-03 22:17:09,803 - INFO - Ingestion terminee
2026-05-03 22:17:09,803 - INFO - Pipeline termine avec succes en 0:00:01.631481
2026-05-03 22:21:51,745 - INFO - Demarrage du pipeline de donnees news-data-platform
2026-05-03 22:21:51,746 - INFO - Etape 1: Scraping des articles...
2026-05-03 22:21:52,609 - INFO - Scraping termine
2026-05-03 22:21:52,610 - INFO - Etape 2: Nettoyage des donnees...
2026-05-03 22:21:52,716 - INFO - Nettoyage termine
2026-05-03 22:21:52,716 - INFO - Etape 3: Analyse et transformation...
2026-05-03 22:21:52,839 - INFO - Analyse terminee
2026-05-03 22:21:52,840 - INFO - Etape 4: Ingestion dans la base de donnees...
2026-05-03 22:21:52,878 - INFO - Connexion SQLite ťtablie : C:\Users\quama\Desktop\architecture des donnťes\news-data-platform\config\..\data\news_data_platform.db
2026-05-03 22:21:52,879 - INFO - Tables crťťes ou dťjŗ existantes
2026-05-03 22:21:52,901 - INFO - 5 articles insťrťs en base
2026-05-03 22:21:52,973 - INFO - 20 mots frťquents insťrťs en base
2026-05-03 22:21:52,973 - INFO - Connexion fermťe
2026-05-03 22:21:52,974 - INFO - Ingestion terminee
2026-05-03 22:21:52,974 - INFO - Pipeline termine avec succes en 0:00:01.228445
2026-05-03 22:28:43,141 - INFO - Demarrage du pipeline de donnees news-data-platform
2026-05-03 22:28:43,142 - INFO - Etape 1: Scraping des articles...
2026-05-03 22:28:44,434 - INFO - Scraping termine
2026-05-03 22:28:44,434 - INFO - Etape 2: Nettoyage des donnees...
2026-05-03 22:28:44,556 - INFO - Nettoyage termine
2026-05-03 22:28:44,556 - INFO - Etape 3: Analyse et transformation...
2026-05-03 22:28:44,682 - INFO - Analyse terminee
2026-05-03 22:28:44,682 - INFO - Etape 4: Ingestion dans la base de donnees...
2026-05-03 22:28:44,727 - INFO - Connexion SQLite ťtablie : C:\Users\quama\Desktop\architecture des donnťes\news-data-platform\config\..\data\news_data_platform.db
2026-05-03 22:28:44,728 - INFO - Tables crťťes ou dťjŗ existantes
2026-05-03 22:28:44,751 - INFO - 5 articles insťrťs en base
2026-05-03 22:28:44,832 - INFO - 20 mots frťquents insťrťs en base
2026-05-03 22:28:44,832 - INFO - Connexion fermťe
2026-05-03 22:28:44,833 - INFO - Ingestion terminee
2026-05-03 22:28:44,833 - INFO - Pipeline termine avec succes en 0:00:01.691347
2026-05-07 16:33:22,375 - INFO - Demarrage du pipeline de donnees news-data-platform
2026-05-07 16:33:22,376 - INFO - Etape 1: Scraping des articles...
2026-05-07 16:33:29,492 - INFO - Scraping termine
2026-05-07 16:33:29,493 - INFO - Etape 2: Nettoyage des donnees...
2026-05-07 16:33:29,760 - INFO - Nettoyage termine
2026-05-07 16:33:29,761 - INFO - Etape 3: Analyse et transformation...
2026-05-07 16:33:30,074 - INFO - Analyse terminee
2026-05-07 16:33:30,077 - INFO - Etape 4: Ingestion dans la base de donnees...
2026-05-07 16:33:30,545 - INFO - Connexion SQLite ťtablie : C:\Users\quama\Desktop\architecture des donnťes\news-data-platform\config\..\data\news_data_platform.db
2026-05-07 16:33:30,548 - INFO - Tables crťťes ou dťjŗ existantes
2026-05-07 16:33:30,604 - INFO - 5 articles insťrťs en base
2026-05-07 16:33:30,849 - INFO - 20 mots frťquents insťrťs en base
2026-05-07 16:33:30,850 - INFO - Connexion fermťe
2026-05-07 16:33:30,851 - INFO - Ingestion terminee
2026-05-07 16:33:30,851 - INFO - Pipeline termine avec succes en 0:00:08.476091
2026-05-07 17:33:03,182 - INFO - Demarrage du pipeline de donnees news-data-platform
2026-05-07 17:33:03,183 - INFO - Etape 1: Scraping des articles...
2026-05-07 17:33:05,398 - INFO - Scraping termine
2026-05-07 17:33:05,399 - INFO - Etape 2: Nettoyage des donnees...
2026-05-07 17:33:05,582 - INFO - Nettoyage termine
2026-05-07 17:33:05,583 - INFO - Etape 3: Analyse et transformation...
2026-05-07 17:33:05,778 - INFO - Analyse terminee
2026-05-07 17:33:05,779 - INFO - Etape 4: Ingestion dans la base de donnees...
2026-05-07 17:33:05,866 - INFO - Connexion SQLite ťtablie : C:\Users\quama\Desktop\architecture des donnťes\news-data-platform\config\..\data\news_data_platform.db
2026-05-07 17:33:05,869 - INFO - Tables crťťes ou dťjŗ existantes
2026-05-07 17:33:05,921 - INFO - 5 articles insťrťs en base
2026-05-07 17:33:06,248 - INFO - 20 mots frťquents insťrťs en base
2026-05-07 17:33:06,250 - INFO - Connexion fermťe
2026-05-07 17:33:06,251 - INFO - Ingestion terminee
2026-05-07 17:33:06,252 - INFO - Pipeline termine avec succes en 0:00:03.069673
2026-05-07 18:06:38,245 - INFO - Demarrage du pipeline de donnees news-data-platform
2026-05-07 18:06:38,249 - INFO - Etape 1: Scraping des articles...
2026-05-07 18:06:40,084 - INFO - Scraping termine
2026-05-07 18:06:40,084 - INFO - Etape 2: Nettoyage des donnees...
2026-05-07 18:06:40,247 - INFO - Nettoyage termine
2026-05-07 18:06:40,248 - INFO - Etape 3: Analyse et transformation...
2026-05-07 18:06:40,454 - INFO - Analyse terminee
2026-05-07 18:06:40,454 - INFO - Etape 4: Ingestion dans la base de donnees...
2026-05-07 18:06:40,560 - INFO - Connexion SQLite ťtablie : C:\Users\quama\Desktop\architecture des donnťes\news-data-platform\config\..\data\news_data_platform.db
2026-05-07 18:06:40,564 - INFO - Tables crťťes ou dťjŗ existantes
2026-05-07 18:06:40,625 - INFO - 5 articles insťrťs en base
2026-05-07 18:06:40,858 - INFO - 20 mots frťquents insťrťs en base
2026-05-07 18:06:40,859 - INFO - Connexion fermťe
2026-05-07 18:06:40,859 - INFO - Ingestion terminee
2026-05-07 18:06:40,860 - INFO - Pipeline termine avec succes en 0:00:02.614686
2026-05-07 18:09:58,339 - INFO - Demarrage du pipeline de donnees news-data-platform
2026-05-07 18:09:58,339 - INFO - Etape 1: Scraping des articles...
2026-05-07 18:09:59,665 - INFO - Scraping termine
2026-05-07 18:09:59,665 - INFO - Etape 2: Nettoyage des donnees...
2026-05-07 18:09:59,805 - INFO - Nettoyage termine
2026-05-07 18:09:59,805 - INFO - Etape 3: Analyse et transformation...
2026-05-07 18:09:59,950 - INFO - Analyse terminee
2026-05-07 18:09:59,951 - INFO - Etape 4: Ingestion dans la base de donnees...
2026-05-07 18:09:59,999 - INFO - Connexion SQLite ťtablie : C:\Users\quama\Desktop\architecture des donnťes\news-data-platform\config\..\data\news_data_platform.db
2026-05-07 18:10:00,000 - INFO - Tables crťťes ou dťjŗ existantes
2026-05-07 18:10:00,058 - INFO - 5 articles insťrťs en base
2026-05-07 18:10:00,285 - INFO - 20 mots frťquents insťrťs en base
2026-05-07 18:10:00,286 - INFO - Connexion fermťe
2026-05-07 18:10:00,286 - INFO - Ingestion terminee
2026-05-07 18:10:00,287 - INFO - Pipeline termine avec succes en 0:00:01.947577
2026-05-07 18:15:31,671 - INFO - Demarrage du pipeline de donnees news-data-platform
2026-05-07 18:15:31,671 - INFO - Etape 1: Scraping des articles...
2026-05-07 18:15:33,207 - INFO - Scraping termine
2026-05-07 18:15:33,208 - INFO - Etape 2: Nettoyage des donnees...
2026-05-07 18:15:33,389 - INFO - Nettoyage termine
2026-05-07 18:15:33,389 - INFO - Etape 3: Analyse et transformation...
2026-05-07 18:15:33,604 - INFO - Analyse terminee
2026-05-07 18:15:33,605 - INFO - Etape 4: Ingestion dans la base de donnees...
2026-05-07 18:15:33,673 - INFO - Connexion SQLite ťtablie : C:\Users\quama\Desktop\architecture des donnťes\news-data-platform\config\..\data\news_data_platform.db
2026-05-07 18:15:33,674 - INFO - Tables crťťes ou dťjŗ existantes
2026-05-07 18:15:33,744 - INFO - 5 articles insťrťs en base
2026-05-07 18:15:34,002 - INFO - 20 mots frťquents insťrťs en base
2026-05-07 18:15:34,003 - INFO - Connexion fermťe
2026-05-07 18:15:34,003 - INFO - Ingestion terminee
2026-05-07 18:15:34,003 - INFO - Pipeline termine avec succes en 0:00:02.332413
