2026-05-07 18:41:14,175 - INFO - Demarrage du pipeline de donnees news-data-platform
2026-05-07 18:41:14,176 - INFO - Etape 1: Scraping des articles...
2026-05-07 18:41:26,791 - INFO - Scraping termine
2026-05-07 18:41:26,792 - INFO - Etape 2: Nettoyage des donnees...
2026-05-07 18:41:26,933 - INFO - Nettoyage termine
2026-05-07 18:41:26,934 - INFO - Etape 3: Analyse et transformation...
2026-05-07 18:41:27,061 - INFO - Analyse terminee
2026-05-07 18:41:27,061 - INFO - Etape 4: Ingestion dans la base de donnees...
2026-05-07 18:41:27,260 - INFO - Connexion SQLite établie : C:\Users\quama\Desktop\architecture des données\news-data-platform\config\..\data\news_data_platform.db
2026-05-07 18:41:27,262 - INFO - Tables créées ou déjŕ existantes
2026-05-07 18:41:27,263 - WARNING - Fichier JSON non trouvé: data/silver/cleaned_articles.json
2026-05-07 18:41:27,264 - WARNING - Aucune donnée Silver trouvée ŕ data/silver/cleaned_articles.json
2026-05-07 18:41:27,265 - INFO - 0 articles insérés en base
2026-05-07 18:41:27,265 - WARNING - Fichier JSON non trouvé: data/gold/analysis.json
2026-05-07 18:41:27,265 - WARNING - Aucune donnée Gold trouvée ŕ data/gold/analysis.json ou top_words vide
2026-05-07 18:41:27,267 - INFO - Connexion fermée
2026-05-07 18:41:27,268 - INFO - Ingestion terminee
2026-05-07 18:41:27,269 - INFO - Pipeline termine avec succes en 0:00:13.093344
2026-05-07 18:47:40,688 - INFO - Demarrage du pipeline de donnees news-data-platform
2026-05-07 18:47:40,689 - INFO - Etape 1: Scraping des articles...
2026-05-07 18:47:53,037 - INFO - Scraping termine
2026-05-07 18:47:53,038 - INFO - Etape 2: Nettoyage des donnees...
2026-05-07 18:47:53,142 - INFO - Nettoyage termine
2026-05-07 18:47:53,143 - INFO - Etape 3: Analyse et transformation...
2026-05-07 18:47:53,261 - INFO - Analyse terminee
2026-05-07 18:47:53,261 - INFO - Etape 4: Ingestion dans la base de donnees...
2026-05-07 18:47:53,328 - INFO - Connexion SQLite établie : C:\Users\quama\Desktop\architecture des données\news-data-platform\config\..\data\news_data_platform.db
2026-05-07 18:47:53,331 - INFO - Tables créées ou déjŕ existantes
2026-05-07 18:47:53,331 - WARNING - Fichier JSON non trouvé: data/silver/cleaned_articles.json
2026-05-07 18:47:53,332 - WARNING - Aucune donnée Silver trouvée ŕ data/silver/cleaned_articles.json
2026-05-07 18:47:53,332 - INFO - 0 articles insérés en base
2026-05-07 18:47:53,332 - WARNING - Fichier JSON non trouvé: data/gold/analysis.json
2026-05-07 18:47:53,332 - WARNING - Aucune donnée Gold trouvée ŕ data/gold/analysis.json ou top_words vide
2026-05-07 18:47:53,332 - INFO - Connexion fermée
2026-05-07 18:47:53,332 - INFO - Ingestion terminee
2026-05-07 18:47:53,333 - INFO - Pipeline termine avec succes en 0:00:12.644592
2026-05-07 18:56:42,729 - INFO - Demarrage du pipeline de donnees news-data-platform
2026-05-07 18:56:42,730 - INFO - Etape 1: Scraping des articles...
2026-05-07 18:56:54,759 - INFO - Scraping termine
2026-05-07 18:56:54,760 - INFO - Etape 2: Nettoyage des donnees...
2026-05-07 18:56:54,862 - INFO - Nettoyage termine
2026-05-07 18:56:54,862 - INFO - Etape 3: Analyse et transformation...
2026-05-07 18:56:54,970 - INFO - Analyse terminee
2026-05-07 18:56:54,971 - INFO - Etape 4: Ingestion dans la base de donnees...
2026-05-07 18:56:55,012 - INFO - Connexion SQLite établie : C:\Users\quama\Desktop\architecture des données\news-data-platform\config\..\data\news_data_platform.db
2026-05-07 18:56:55,013 - INFO - Tables créées ou déjŕ existantes
2026-05-07 18:56:55,013 - WARNING - Fichier JSON non trouvé: data/silver/cleaned_articles.json
2026-05-07 18:56:55,013 - WARNING - Aucune donnée Silver trouvée ŕ data/silver/cleaned_articles.json
2026-05-07 18:56:55,013 - INFO - 0 articles insérés en base
2026-05-07 18:56:55,013 - WARNING - Fichier JSON non trouvé: data/gold/analysis.json
2026-05-07 18:56:55,014 - WARNING - Aucune donnée Gold trouvée ŕ data/gold/analysis.json ou top_words vide
2026-05-07 18:56:55,014 - INFO - Connexion fermée
2026-05-07 18:56:55,014 - INFO - Ingestion terminee
2026-05-07 18:56:55,014 - INFO - Pipeline termine avec succes en 0:00:12.284970
2026-05-07 18:59:32,461 - INFO - Demarrage du pipeline de donnees news-data-platform
2026-05-07 18:59:32,462 - INFO - Etape 1: Scraping des articles...
2026-05-07 18:59:44,159 - INFO - Scraping termine
2026-05-07 18:59:44,159 - INFO - Etape 2: Nettoyage des donnees...
2026-05-07 18:59:44,261 - INFO - Nettoyage termine
2026-05-07 18:59:44,261 - INFO - Etape 3: Analyse et transformation...
2026-05-07 18:59:44,352 - INFO - Analyse terminee
2026-05-07 18:59:44,352 - INFO - Etape 4: Ingestion dans la base de donnees...
2026-05-07 18:59:44,388 - INFO - Connexion SQLite établie : C:\Users\quama\Desktop\architecture des données\news-data-platform\config\..\data\news_data_platform.db
2026-05-07 18:59:44,389 - INFO - Tables créées ou déjŕ existantes
2026-05-07 18:59:44,389 - WARNING - Fichier JSON non trouvé: data/silver/cleaned_articles.json
2026-05-07 18:59:44,389 - WARNING - Aucune donnée Silver trouvée ŕ data/silver/cleaned_articles.json
2026-05-07 18:59:44,390 - INFO - 0 articles insérés en base
2026-05-07 18:59:44,390 - WARNING - Fichier JSON non trouvé: data/gold/analysis.json
2026-05-07 18:59:44,390 - WARNING - Aucune donnée Gold trouvée ŕ data/gold/analysis.json ou top_words vide
2026-05-07 18:59:44,390 - INFO - Connexion fermée
2026-05-07 18:59:44,390 - INFO - Ingestion terminee
2026-05-07 18:59:44,391 - INFO - Pipeline termine avec succes en 0:00:11.929229
2026-05-07 19:00:29,651 - INFO - Demarrage du pipeline de donnees news-data-platform
2026-05-07 19:00:29,651 - INFO - Etape 1: Scraping des articles...
2026-05-07 19:00:42,389 - INFO - Scraping termine
2026-05-07 19:00:42,389 - INFO - Etape 2: Nettoyage des donnees...
2026-05-07 19:00:42,500 - INFO - Nettoyage termine
2026-05-07 19:00:42,500 - INFO - Etape 3: Analyse et transformation...
2026-05-07 19:00:42,611 - INFO - Analyse terminee
2026-05-07 19:00:42,612 - INFO - Etape 4: Ingestion dans la base de donnees...
2026-05-07 19:00:42,700 - INFO - Connexion SQLite établie : C:\Users\quama\Desktop\architecture des données\news-data-platform\config\..\data\news_data_platform.db
2026-05-07 19:00:42,702 - INFO - Tables créées ou déjŕ existantes
2026-05-07 19:00:42,703 - WARNING - Fichier JSON non trouvé: data/silver/cleaned_articles.json
2026-05-07 19:00:42,705 - WARNING - Aucune donnée Silver trouvée ŕ data/silver/cleaned_articles.json
2026-05-07 19:00:42,708 - INFO - 0 articles insérés en base
2026-05-07 19:00:42,709 - WARNING - Fichier JSON non trouvé: data/gold/analysis.json
2026-05-07 19:00:42,710 - WARNING - Aucune donnée Gold trouvée ŕ data/gold/analysis.json ou top_words vide
2026-05-07 19:00:42,713 - INFO - Connexion fermée
2026-05-07 19:00:42,714 - INFO - Ingestion terminee
2026-05-07 19:00:42,715 - INFO - Pipeline termine avec succes en 0:00:13.063540
2026-05-07 19:08:27,279 - INFO - Demarrage du pipeline de donnees news-data-platform
2026-05-07 19:08:27,279 - INFO - Etape 1: Scraping des articles...
2026-05-07 19:08:39,566 - INFO - Scraping termine
2026-05-07 19:08:39,568 - INFO - Etape 2: Nettoyage des donnees...
2026-05-07 19:08:39,666 - INFO - Nettoyage termine
2026-05-07 19:08:39,667 - INFO - Etape 3: Analyse et transformation...
2026-05-07 19:08:39,764 - INFO - Analyse terminee
2026-05-07 19:08:39,764 - INFO - Etape 4: Ingestion dans la base de donnees...
2026-05-07 19:08:39,825 - INFO - Connexion SQLite établie : C:\Users\quama\Desktop\architecture des données\news-data-platform\config\..\data\news_data_platform.db
2026-05-07 19:08:39,827 - INFO - Tables créées ou déjŕ existantes
2026-05-07 19:08:39,827 - WARNING - Fichier JSON non trouvé: data/silver/cleaned_articles.json
2026-05-07 19:08:39,828 - WARNING - Aucune donnée Silver trouvée ŕ data/silver/cleaned_articles.json
2026-05-07 19:08:39,828 - INFO - 0 articles insérés en base
2026-05-07 19:08:39,829 - WARNING - Fichier JSON non trouvé: data/gold/analysis.json
2026-05-07 19:08:39,829 - WARNING - Aucune donnée Gold trouvée ŕ data/gold/analysis.json ou top_words vide
2026-05-07 19:08:39,830 - INFO - Connexion fermée
2026-05-07 19:08:39,830 - INFO - Ingestion terminee
2026-05-07 19:08:39,830 - INFO - Pipeline termine avec succes en 0:00:12.551462
2026-05-07 19:09:28,558 - INFO - Demarrage du pipeline de donnees news-data-platform
2026-05-07 19:09:28,558 - INFO - Etape 1: Scraping des articles...
2026-05-07 19:09:40,419 - INFO - Scraping termine
2026-05-07 19:09:40,419 - INFO - Etape 2: Nettoyage des donnees...
2026-05-07 19:09:40,514 - INFO - Nettoyage termine
2026-05-07 19:09:40,514 - INFO - Etape 3: Analyse et transformation...
2026-05-07 19:09:40,611 - INFO - Analyse terminee
2026-05-07 19:09:40,612 - INFO - Etape 4: Ingestion dans la base de donnees...
2026-05-07 19:09:40,647 - INFO - Connexion SQLite établie : C:\Users\quama\Desktop\architecture des données\news-data-platform\config\..\data\news_data_platform.db
2026-05-07 19:09:40,648 - INFO - Tables créées ou déjŕ existantes
2026-05-07 19:09:40,648 - WARNING - Fichier JSON non trouvé: data/silver/cleaned_articles.json
2026-05-07 19:09:40,649 - WARNING - Aucune donnée Silver trouvée ŕ data/silver/cleaned_articles.json
2026-05-07 19:09:40,649 - INFO - 0 articles insérés en base
2026-05-07 19:09:40,649 - WARNING - Fichier JSON non trouvé: data/gold/analysis.json
2026-05-07 19:09:40,649 - WARNING - Aucune donnée Gold trouvée ŕ data/gold/analysis.json ou top_words vide
2026-05-07 19:09:40,649 - INFO - Connexion fermée
2026-05-07 19:09:40,650 - INFO - Ingestion terminee
2026-05-07 19:09:40,650 - INFO - Pipeline termine avec succes en 0:00:12.092181
2026-05-07 19:10:35,860 - INFO - Demarrage du pipeline de donnees news-data-platform
2026-05-07 19:10:35,860 - INFO - Etape 1: Scraping des articles...
2026-05-07 19:10:45,704 - INFO - Demarrage du pipeline de donnees news-data-platform
2026-05-07 19:10:45,704 - INFO - Etape 1: Scraping des articles...
2026-05-07 19:10:57,580 - INFO - Scraping termine
2026-05-07 19:10:57,581 - INFO - Etape 2: Nettoyage des donnees...
2026-05-07 19:10:57,693 - INFO - Nettoyage termine
2026-05-07 19:10:57,693 - INFO - Etape 3: Analyse et transformation...
2026-05-07 19:10:57,805 - INFO - Analyse terminee
2026-05-07 19:10:57,805 - INFO - Etape 4: Ingestion dans la base de donnees...
2026-05-07 19:10:57,859 - INFO - Connexion SQLite établie : C:\Users\quama\Desktop\architecture des données\news-data-platform\config\..\data\news_data_platform.db
2026-05-07 19:10:57,860 - INFO - Tables créées ou déjŕ existantes
2026-05-07 19:10:57,860 - WARNING - Fichier JSON non trouvé: data/silver/cleaned_articles.json
2026-05-07 19:10:57,860 - WARNING - Aucune donnée Silver trouvée ŕ data/silver/cleaned_articles.json
2026-05-07 19:10:57,861 - INFO - 0 articles insérés en base
2026-05-07 19:10:57,861 - WARNING - Fichier JSON non trouvé: data/gold/analysis.json
2026-05-07 19:10:57,861 - WARNING - Aucune donnée Gold trouvée ŕ data/gold/analysis.json ou top_words vide
2026-05-07 19:10:57,862 - INFO - Connexion fermée
2026-05-07 19:10:57,862 - INFO - Ingestion terminee
2026-05-07 19:10:57,862 - INFO - Pipeline termine avec succes en 0:00:12.157997
2026-05-07 19:11:26,154 - INFO - Demarrage du pipeline de donnees news-data-platform
2026-05-07 19:11:26,154 - INFO - Etape 1: Scraping des articles...
2026-05-07 19:11:38,204 - INFO - Scraping termine
2026-05-07 19:11:38,204 - INFO - Etape 2: Nettoyage des donnees...
2026-05-07 19:11:38,298 - INFO - Nettoyage termine
2026-05-07 19:11:38,299 - INFO - Etape 3: Analyse et transformation...
2026-05-07 19:11:38,393 - INFO - Analyse terminee
2026-05-07 19:11:38,394 - INFO - Etape 4: Ingestion dans la base de donnees...
2026-05-07 19:11:38,428 - INFO - Connexion SQLite établie : C:\Users\quama\Desktop\architecture des données\news-data-platform\config\..\data\news_data_platform.db
2026-05-07 19:11:38,429 - INFO - Tables créées ou déjŕ existantes
2026-05-07 19:11:38,429 - WARNING - Fichier JSON non trouvé: data/silver/cleaned_articles.json
2026-05-07 19:11:38,429 - WARNING - Aucune donnée Silver trouvée ŕ data/silver/cleaned_articles.json
2026-05-07 19:11:38,430 - INFO - 0 articles insérés en base
2026-05-07 19:11:38,430 - WARNING - Fichier JSON non trouvé: data/gold/analysis.json
2026-05-07 19:11:38,430 - WARNING - Aucune donnée Gold trouvée ŕ data/gold/analysis.json ou top_words vide
2026-05-07 19:11:38,431 - INFO - Connexion fermée
2026-05-07 19:11:38,431 - INFO - Ingestion terminee
2026-05-07 19:11:38,431 - INFO - Pipeline termine avec succes en 0:00:12.277446
2026-05-07 19:45:44,300 - INFO - Demarrage du pipeline de donnees news-data-platform
2026-05-07 19:45:44,301 - INFO - Etape 1: Scraping des articles...
2026-05-07 19:45:44,366 - ERROR - Erreur dans le pipeline : Erreur scraping: C:\Users\quama\Desktop\architecture des données\.venv\Scripts\python.exe: can't open file 'c:\\Users\\quama\\Desktop\\architecture des données\\news-data-platform\\__pycache__\\scraping\\hespress_scraper_v2.py': [Errno 2] No such file or directory

2026-05-07 19:48:20,756 - INFO - Demarrage du pipeline de donnees news-data-platform
2026-05-07 19:48:20,756 - INFO - Etape 1: Scraping des articles...
2026-05-07 19:48:20,823 - ERROR - Erreur dans le pipeline : Erreur scraping: C:\Users\quama\Desktop\architecture des données\.venv\Scripts\python.exe: can't open file 'c:\\Users\\quama\\Desktop\\architecture des données\\news-data-platform\\__pycache__\\scraping\\hespress_scraper_v2.py': [Errno 2] No such file or directory

2026-05-07 19:49:49,415 - INFO - Demarrage du pipeline de donnees news-data-platform
2026-05-07 19:49:49,415 - INFO - Etape 1: Scraping des articles...
2026-05-07 19:49:49,478 - ERROR - Erreur dans le pipeline : Erreur scraping: C:\Users\quama\Desktop\architecture des données\.venv\Scripts\python.exe: can't open file 'c:\\Users\\quama\\Desktop\\architecture des données\\news-data-platform\\__pycache__\\scraping\\hespress_scraper_v2.py': [Errno 2] No such file or directory

2026-05-07 19:51:27,591 - INFO - Demarrage du pipeline de donnees news-data-platform
2026-05-07 19:51:27,591 - INFO - Etape 1: Scraping des articles...
2026-05-07 19:51:27,674 - ERROR - Erreur dans le pipeline : Erreur scraping: C:\Users\quama\Desktop\architecture des données\.venv\Scripts\python.exe: can't open file 'c:\\Users\\quama\\Desktop\\architecture des données\\news-data-platform\\__pycache__\\scraping\\hespress_scraper_v2.py': [Errno 2] No such file or directory

2026-05-07 19:53:45,219 - INFO - Demarrage du pipeline de donnees news-data-platform
2026-05-07 19:53:45,220 - INFO - Etape 1: Scraping des articles...
2026-05-07 19:53:45,282 - ERROR - Erreur dans le pipeline : Erreur scraping: C:\Users\quama\Desktop\architecture des données\.venv\Scripts\python.exe: can't open file 'c:\\Users\\quama\\Desktop\\architecture des données\\news-data-platform\\__pycache__\\scraping\\hespress_scraper_v2.py': [Errno 2] No such file or directory

2026-05-07 19:55:23,866 - INFO - Demarrage du pipeline de donnees news-data-platform
2026-05-07 19:55:23,867 - INFO - Etape 1: Scraping des articles...
2026-05-07 19:55:23,939 - ERROR - Erreur dans le pipeline : Erreur scraping: C:\Users\quama\Desktop\architecture des données\.venv\Scripts\python.exe: can't open file 'c:\\Users\\quama\\Desktop\\architecture des données\\news-data-platform\\__pycache__\\scraping\\hespress_scraper_v2.py': [Errno 2] No such file or directory

